[2018-05-20 15:11:44]	D:/作业/大三下/信息系统开发工具/大作业/ICTCLAS/汉语分词20140928\Data\NLPIR.user Not valid license or your license expired! Please feel free to contact pipy_zhang@msn.com! 
[2018-05-20 15:12:09]	D:/作业/大三下/信息系统开发工具/大作业/ICTCLAS/汉语分词20140928\Data\NLPIR.user Not valid license or your license expired! Please feel free to contact pipy_zhang@msn.com! 
[2018-05-20 15:13:39]	D:/作业/大三下/信息系统开发工具/大作业/ICTCLAS/汉语分词20140928/\Data\NLPIR.user Not valid license or your license expired! Please feel free to contact pipy_zhang@msn.com! 
[2018-05-20 15:13:54]	D:/作业/大三下/信息系统开发工具/大作业/ICTCLAS/汉语分词20140928\Data\NLPIR.user Not valid license or your license expired! Please feel free to contact pipy_zhang@msn.com! 
[2018-05-20 15:14:35]	D:/作业/大三下/信息系统开发工具/大作业/ICTCLAS/汉语分词20140928\Data\NLPIR.user Not valid license or your license expired! Please feel free to contact pipy_zhang@msn.com! 
[2018-05-20 15:16:37]	D:\作业\大三下\信息系统开发工具\大作业\ICTCLAS\汉语分词20140928\\Data\NLPIR.user Not valid license or your license expired! Please feel free to contact pipy_zhang@msn.com! 
[2018-05-20 15:17:21]	D:\作业\大三下\信息系统开发工具\大作业\ICTCLAS\汉语分词20140928\\Data\NLPIR.user Not valid license or your license expired! Please feel free to contact pipy_zhang@msn.com! 
[2018-05-20 15:17:50]	D:/作业/大三下/信息系统开发工具/大作业/ICTCLAS/汉语分词20140928/\Data\NLPIR.user Not valid license or your license expired! Please feel free to contact pipy_zhang@msn.com! 
[2018-05-20 15:27:08]	D:\作业\大三下\信息系统开发工具\大作业\ICTCLAS\汉语分词20140928\\Data\NLPIR.user Not valid license or your license expired! Please feel free to contact pipy_zhang@msn.com! 
[2018-05-20 15:27:14]	D:\作业\大三下\信息系统开发工具\大作业\ICTCLAS\汉语分词20140928\Data\NLPIR.user Not valid license or your license expired! Please feel free to contact pipy_zhang@msn.com! 
[2018-05-20 15:27:21]	D:\作业\大三下\信息系统开发工具\大作业\ICTCLAS\汉语分词20140928\Data\NLPIR.user Not valid license or your license expired! Please feel free to contact pipy_zhang@msn.com! 
[2018-05-20 15:32:02]	Cannot open file 
[2018-05-20 15:32:02]	D:\作业\大三下\信息系统开发工具\大作业\ICTCLAS\汉语分词20140928\Data\KeyBlackList.pdat
[2018-05-20 15:32:41]	Error read file
[2018-05-20 15:32:41]	@D:/作业/大三下/信息系统开发工具/大作业/ICTCLAS/汉语分词20140928/test/潘浚一个字头的诞生-分词结果.TXT
[2018-05-20 15:32:41]	Error read file
[2018-05-20 15:32:41]	@D:/作业/大三下/信息系统开发工具/大作业/ICTCLAS/汉语分词20140928/test/潘浚一个字头的诞生-自适应分词结果.TXT
[2018-05-20 15:33:11]	Cannot open file 
[2018-05-20 15:33:11]	D:\作业\大三下\信息系统开发工具\大作业\ICTCLAS\汉语分词20140928\Data\KeyBlackList.pdat
[2018-05-20 15:33:13]	Error read file
[2018-05-20 15:33:13]	@D:/作业/大三下/信息系统开发工具/大作业/ICTCLAS/汉语分词20140928/test/潘浚一个字头的诞生-分词结果.TXT
[2018-05-20 15:33:13]	Error read file
[2018-05-20 15:33:13]	@D:/作业/大三下/信息系统开发工具/大作业/ICTCLAS/汉语分词20140928/test/潘浚一个字头的诞生-自适应分词结果.TXT
[2018-05-20 15:33:34]	Cannot open file 
[2018-05-20 15:33:34]	D:\作业\大三下\信息系统开发工具\大作业\ICTCLAS\汉语分词20140928\Data\KeyBlackList.pdat
[2018-05-20 15:33:38]	Error read file
[2018-05-20 15:33:38]	@D:/作业/大三下/信息系统开发工具/大作业/ICTCLAS/汉语分词20140928/test/潘浚一个字头的诞生-分词结果.TXT
[2018-05-20 15:33:38]	Error read file
[2018-05-20 15:33:38]	@D:/作业/大三下/信息系统开发工具/大作业/ICTCLAS/汉语分词20140928/test/潘浚一个字头的诞生-自适应分词结果.TXT
[2018-05-20 15:33:56]	Cannot open file 
[2018-05-20 15:33:56]	D:\作业\大三下\信息系统开发工具\大作业\ICTCLAS\汉语分词20140928\Data\KeyBlackList.pdat
[2018-05-20 15:35:59]	Cannot open file 
[2018-05-20 15:35:59]	D:\作业\大三下\信息系统开发工具\大作业\ICTCLAS\汉语分词20140928\Data\KeyBlackList.pdat
[2018-05-20 15:36:01]	Error read file
[2018-05-20 15:36:01]	@D:/作业/大三下/信息系统开发工具/大作业/ICTCLAS/汉语分词20140928/test/潘浚一个字头的诞生-分词结果.TXT
[2018-05-20 15:36:01]	Error read file
[2018-05-20 15:36:01]	@D:/作业/大三下/信息系统开发工具/大作业/ICTCLAS/汉语分词20140928/test/潘浚一个字头的诞生-自适应分词结果.TXT
[2018-05-20 15:38:13]	Cannot open file 
[2018-05-20 15:38:13]	D:\作业\大三下\信息系统开发工具\大作业\ICTCLAS\汉语分词20140928\Data\KeyBlackList.pdat
[2018-05-20 16:41:00]	Cannot open file 
[2018-05-20 16:41:00]	D:\作业\大三下\信息系统开发工具\大作业\ICTCLAS\汉语分词20140928\Data\KeyBlackList.pdat
[2018-05-20 16:42:43]	Cannot open file 
[2018-05-20 16:42:43]	D:\作业\大三下\信息系统开发工具\大作业\ICTCLAS\汉语分词20140928\Data\KeyBlackList.pdat
[2018-05-20 16:43:03]	Cannot open file 
[2018-05-20 16:43:03]	D:\作业\大三下\信息系统开发工具\大作业\ICTCLAS\汉语分词20140928\Data\KeyBlackList.pdat
[2018-05-20 16:44:03]	Cannot open file 
[2018-05-20 16:44:03]	D:\作业\大三下\信息系统开发工具\大作业\ICTCLAS\汉语分词20140928\Data\KeyBlackList.pdat
[2018-05-20 16:46:03]	Cannot open file 
[2018-05-20 16:46:03]	..\..\\Data\KeyBlackList.pdat
[2018-05-20 16:46:11]	Cannot open file 
[2018-05-20 16:46:11]	../../\Data\KeyBlackList.pdat
[2018-05-20 16:46:19]	Cannot open file 
[2018-05-20 16:46:19]	..\..\\Data\KeyBlackList.pdat
[2018-05-20 16:55:54]	Cannot open file 
[2018-05-20 16:55:54]	D:\作业\大三下\信息系统开发工具\大作业\ICTCLAS\汉语分词20140928\Data\KeyBlackList.pdat
[2018-05-20 16:57:34]	Cannot open file 
[2018-05-20 16:57:34]	D:\作业\大三下\信息系统开发工具\大作业\ICTCLAS\汉语分词20140928\Data\KeyBlackList.pdat
[2018-05-20 16:58:28]	Cannot open file 
[2018-05-20 16:58:28]	D:\作业\大三下\信息系统开发工具\大作业\ICTCLAS\汉语分词20140928\Data\KeyBlackList.pdat
[2018-05-20 17:15:38]	Cannot open file 
[2018-05-20 17:15:38]	../../ICTCLAS\Data\KeyBlackList.pdat
